<?xml version="1.0" encoding="UTF-8" ?>
<testsuite failures="0" time="0.012" errors="0" skipped="0" tests="47" name="com.m12i.jp1ajs2.unitdef.parser.ParsersTest">
  <properties>
    <property name="java.runtime.name" value="Java(TM) SE Runtime Environment"/>
    <property name="sun.boot.library.path" value="/Library/Java/JavaVirtualMachines/jdk1.7.0_55.jdk/Contents/Home/jre/lib"/>
    <property name="java.vm.version" value="24.55-b03"/>
    <property name="gopherProxySet" value="false"/>
    <property name="java.vm.vendor" value="Oracle Corporation"/>
    <property name="java.vendor.url" value="http://java.oracle.com/"/>
    <property name="path.separator" value=":"/>
    <property name="guice.disable.misplaced.annotation.check" value="true"/>
    <property name="java.vm.name" value="Java HotSpot(TM) 64-Bit Server VM"/>
    <property name="file.encoding.pkg" value="sun.io"/>
    <property name="user.country" value="JP"/>
    <property name="sun.java.launcher" value="SUN_STANDARD"/>
    <property name="sun.os.patch.level" value="unknown"/>
    <property name="java.vm.specification.name" value="Java Virtual Machine Specification"/>
    <property name="user.dir" value="/Users/mzk/Devel/eclipse-luna/workspace/jp1ajs2.unitdef"/>
    <property name="java.runtime.version" value="1.7.0_55-b13"/>
    <property name="java.awt.graphicsenv" value="sun.awt.CGraphicsEnvironment"/>
    <property name="java.endorsed.dirs" value="/Library/Java/JavaVirtualMachines/jdk1.7.0_55.jdk/Contents/Home/jre/lib/endorsed"/>
    <property name="os.arch" value="x86_64"/>
    <property name="java.io.tmpdir" value="/var/folders/6_/890g9tls6c3211m19pqb36t00000gn/T/"/>
    <property name="line.separator" value="
"/>
    <property name="java.vm.specification.vendor" value="Oracle Corporation"/>
    <property name="os.name" value="Mac OS X"/>
    <property name="classworlds.conf" value="/Users/mzk/Devel/eclipse-luna/workspace/.metadata/.plugins/org.eclipse.m2e.launching/launches/m2conf5560759059181435040.tmp"/>
    <property name="sun.jnu.encoding" value="UTF-8"/>
    <property name="java.library.path" value="/Users/mzk/Library/Java/Extensions:/Library/Java/Extensions:/Network/Library/Java/Extensions:/System/Library/Java/Extensions:/usr/lib/java:."/>
    <property name="java.specification.name" value="Java Platform API Specification"/>
    <property name="java.class.version" value="51.0"/>
    <property name="sun.management.compiler" value="HotSpot 64-Bit Tiered Compilers"/>
    <property name="os.version" value="10.10.1"/>
    <property name="http.nonProxyHosts" value="local|*.local|169.254/16|*.169.254/16"/>
    <property name="user.home" value="/Users/mzk"/>
    <property name="user.timezone" value="Asia/Tokyo"/>
    <property name="java.awt.printerjob" value="sun.lwawt.macosx.CPrinterJob"/>
    <property name="java.specification.version" value="1.7"/>
    <property name="file.encoding" value="UTF-8"/>
    <property name="user.name" value="mzk"/>
    <property name="java.class.path" value="/Users/mzk/Devel/eclipse-luna/plugins/org.eclipse.m2e.maven.runtime_1.5.0.20140605-2032/jars/plexus-classworlds-2.5.1.jar"/>
    <property name="org.slf4j.simpleLogger.defaultLogLevel" value="info"/>
    <property name="java.vm.specification.version" value="1.7"/>
    <property name="sun.arch.data.model" value="64"/>
    <property name="java.home" value="/Library/Java/JavaVirtualMachines/jdk1.7.0_55.jdk/Contents/Home/jre"/>
    <property name="sun.java.command" value="org.codehaus.plexus.classworlds.launcher.Launcher -B install"/>
    <property name="java.specification.vendor" value="Oracle Corporation"/>
    <property name="user.language" value="ja"/>
    <property name="awt.toolkit" value="sun.lwawt.macosx.LWCToolkit"/>
    <property name="java.vm.info" value="mixed mode"/>
    <property name="java.version" value="1.7.0_55"/>
    <property name="java.ext.dirs" value="/Users/mzk/Library/Java/Extensions:/Library/Java/JavaVirtualMachines/jdk1.7.0_55.jdk/Contents/Home/jre/lib/ext:/Library/Java/Extensions:/Network/Library/Java/Extensions:/System/Library/Java/Extensions:/usr/lib/java"/>
    <property name="sun.boot.class.path" value="/Library/Java/JavaVirtualMachines/jdk1.7.0_55.jdk/Contents/Home/jre/lib/resources.jar:/Library/Java/JavaVirtualMachines/jdk1.7.0_55.jdk/Contents/Home/jre/lib/rt.jar:/Library/Java/JavaVirtualMachines/jdk1.7.0_55.jdk/Contents/Home/jre/lib/sunrsasign.jar:/Library/Java/JavaVirtualMachines/jdk1.7.0_55.jdk/Contents/Home/jre/lib/jsse.jar:/Library/Java/JavaVirtualMachines/jdk1.7.0_55.jdk/Contents/Home/jre/lib/jce.jar:/Library/Java/JavaVirtualMachines/jdk1.7.0_55.jdk/Contents/Home/jre/lib/charsets.jar:/Library/Java/JavaVirtualMachines/jdk1.7.0_55.jdk/Contents/Home/jre/lib/jfr.jar:/Library/Java/JavaVirtualMachines/jdk1.7.0_55.jdk/Contents/Home/jre/classes"/>
    <property name="java.vendor" value="Oracle Corporation"/>
    <property name="maven.home" value="/Users/mzk/Devel/eclipse-luna/workspace/jp1ajs2.unitdef/EMBEDDED"/>
    <property name="file.separator" value="/"/>
    <property name="java.vendor.url.bug" value="http://bugreport.sun.com/bugreport/"/>
    <property name="sun.cpu.endian" value="little"/>
    <property name="sun.io.unicode.encoding" value="UnicodeBig"/>
    <property name="socksNonProxyHosts" value="local|*.local|169.254/16|*.169.254/16"/>
    <property name="ftp.nonProxyHosts" value="local|*.local|169.254/16|*.169.254/16"/>
    <property name="sun.cpu.isalist" value=""/>
  </properties>
  <testcase time="0" classname="com.m12i.jp1ajs2.unitdef.parser.ParsersTest" name="parseAbc123Test00"/>
  <testcase time="0" classname="com.m12i.jp1ajs2.unitdef.parser.ParsersTest" name="parseAbc123Test01"/>
  <testcase time="0" classname="com.m12i.jp1ajs2.unitdef.parser.ParsersTest" name="parseAbc123Test02"/>
  <testcase time="0" classname="com.m12i.jp1ajs2.unitdef.parser.ParsersTest" name="parseAbc123Test03"/>
  <testcase time="0" classname="com.m12i.jp1ajs2.unitdef.parser.ParsersTest" name="parseUntilTest00"/>
  <testcase time="0" classname="com.m12i.jp1ajs2.unitdef.parser.ParsersTest" name="parseUntilTest01"/>
  <testcase time="0" classname="com.m12i.jp1ajs2.unitdef.parser.ParsersTest" name="parseUntilTest02"/>
  <testcase time="0" classname="com.m12i.jp1ajs2.unitdef.parser.ParsersTest" name="parseNumberTest00"/>
  <testcase time="0" classname="com.m12i.jp1ajs2.unitdef.parser.ParsersTest" name="parseNumberTest01"/>
  <testcase time="0" classname="com.m12i.jp1ajs2.unitdef.parser.ParsersTest" name="parseNumberTest02"/>
  <testcase time="0" classname="com.m12i.jp1ajs2.unitdef.parser.ParsersTest" name="parseNumberTest03"/>
  <testcase time="0" classname="com.m12i.jp1ajs2.unitdef.parser.ParsersTest" name="parseNumberTest04"/>
  <testcase time="0" classname="com.m12i.jp1ajs2.unitdef.parser.ParsersTest" name="parseNumberTest05"/>
  <testcase time="0" classname="com.m12i.jp1ajs2.unitdef.parser.ParsersTest" name="parseNumberTest06"/>
  <testcase time="0" classname="com.m12i.jp1ajs2.unitdef.parser.ParsersTest" name="parseNumberTest07"/>
  <testcase time="0" classname="com.m12i.jp1ajs2.unitdef.parser.ParsersTest" name="parseNumberTest08"/>
  <testcase time="0.001" classname="com.m12i.jp1ajs2.unitdef.parser.ParsersTest" name="parseNumberTest09"/>
  <testcase time="0" classname="com.m12i.jp1ajs2.unitdef.parser.ParsersTest" name="checkWordTest00"/>
  <testcase time="0.007" classname="com.m12i.jp1ajs2.unitdef.parser.ParsersTest" name="checkWordTest01"/>
  <testcase time="0" classname="com.m12i.jp1ajs2.unitdef.parser.ParsersTest" name="checkWordTest02"/>
  <testcase time="0" classname="com.m12i.jp1ajs2.unitdef.parser.ParsersTest" name="checkWordTest03"/>
  <testcase time="0" classname="com.m12i.jp1ajs2.unitdef.parser.ParsersTest" name="skipCommentTest00"/>
  <testcase time="0" classname="com.m12i.jp1ajs2.unitdef.parser.ParsersTest" name="skipCommentTest01"/>
  <testcase time="0" classname="com.m12i.jp1ajs2.unitdef.parser.ParsersTest" name="skipCommentTest02"/>
  <testcase time="0" classname="com.m12i.jp1ajs2.unitdef.parser.ParsersTest" name="skipCommentTest03"/>
  <testcase time="0" classname="com.m12i.jp1ajs2.unitdef.parser.ParsersTest" name="skipCommentTest04"/>
  <testcase time="0" classname="com.m12i.jp1ajs2.unitdef.parser.ParsersTest" name="parseAbc123_$Test00"/>
  <testcase time="0" classname="com.m12i.jp1ajs2.unitdef.parser.ParsersTest" name="parseAbc123_$Test01"/>
  <testcase time="0" classname="com.m12i.jp1ajs2.unitdef.parser.ParsersTest" name="parseAbc123_$Test02"/>
  <testcase time="0" classname="com.m12i.jp1ajs2.unitdef.parser.ParsersTest" name="parseAbc123_$Test03"/>
  <testcase time="0" classname="com.m12i.jp1ajs2.unitdef.parser.ParsersTest" name="parseQuotedStringTest00"/>
  <testcase time="0" classname="com.m12i.jp1ajs2.unitdef.parser.ParsersTest" name="parseQuotedStringTest01"/>
  <testcase time="0" classname="com.m12i.jp1ajs2.unitdef.parser.ParsersTest" name="parseQuotedStringTest02"/>
  <testcase time="0" classname="com.m12i.jp1ajs2.unitdef.parser.ParsersTest" name="parseQuotedStringTest03"/>
  <testcase time="0" classname="com.m12i.jp1ajs2.unitdef.parser.ParsersTest" name="parseQuotedStringTest04"/>
  <testcase time="0" classname="com.m12i.jp1ajs2.unitdef.parser.ParsersTest" name="checkTest00"/>
  <testcase time="0.001" classname="com.m12i.jp1ajs2.unitdef.parser.ParsersTest" name="checkTest01"/>
  <testcase time="0.001" classname="com.m12i.jp1ajs2.unitdef.parser.ParsersTest" name="skipWordTest01"/>
  <testcase time="0" classname="com.m12i.jp1ajs2.unitdef.parser.ParsersTest" name="skipWordTest02"/>
  <testcase time="0" classname="com.m12i.jp1ajs2.unitdef.parser.ParsersTest" name="parseRawStringTest00"/>
  <testcase time="0.001" classname="com.m12i.jp1ajs2.unitdef.parser.ParsersTest" name="parseRawStringTest01"/>
  <testcase time="0" classname="com.m12i.jp1ajs2.unitdef.parser.ParsersTest" name="parseRawStringTest02"/>
  <testcase time="0.001" classname="com.m12i.jp1ajs2.unitdef.parser.ParsersTest" name="parseRawStringTest03"/>
  <testcase time="0" classname="com.m12i.jp1ajs2.unitdef.parser.ParsersTest" name="parseAbcTest00"/>
  <testcase time="0" classname="com.m12i.jp1ajs2.unitdef.parser.ParsersTest" name="parseAbcTest01"/>
  <testcase time="0" classname="com.m12i.jp1ajs2.unitdef.parser.ParsersTest" name="parseAbcTest02"/>
  <testcase time="0" classname="com.m12i.jp1ajs2.unitdef.parser.ParsersTest" name="parseAbcTest03"/>
</testsuite>